\BOOKMARK [1][-]{section.1}{AmazingRace Android Anwendung}{}% 1
\BOOKMARK [2][-]{subsection.1.1}{L\366sungsidee}{section.1}% 2
\BOOKMARK [3][-]{subsubsection.1.1.1}{Architektur}{subsection.1.1}% 3
\BOOKMARK [3][-]{subsubsection.1.1.2}{Setup}{subsection.1.1}% 4
\BOOKMARK [2][-]{subsection.1.2}{Source}{section.1}% 5
\BOOKMARK [3][-]{subsubsection.1.2.1}{Manifest}{subsection.1.2}% 6
\BOOKMARK [3][-]{subsubsection.1.2.2}{Aktivit\344ten}{subsection.1.2}% 7
\BOOKMARK [3][-]{subsubsection.1.2.3}{Adapter}{subsection.1.2}% 8
\BOOKMARK [3][-]{subsubsection.1.2.4}{JSON-Models}{subsection.1.2}% 9
\BOOKMARK [3][-]{subsubsection.1.2.5}{Task-Models}{subsection.1.2}% 10
\BOOKMARK [3][-]{subsubsection.1.2.6}{View-Models}{subsection.1.2}% 11
\BOOKMARK [3][-]{subsubsection.1.2.7}{Service}{subsection.1.2}% 12
\BOOKMARK [3][-]{subsubsection.1.2.8}{Utilities}{subsection.1.2}% 13
\BOOKMARK [3][-]{subsubsection.1.2.9}{Watcher}{subsection.1.2}% 14
\BOOKMARK [2][-]{subsection.1.3}{Layout}{section.1}% 15
\BOOKMARK [2][-]{subsection.1.4}{Values}{section.1}% 16
\BOOKMARK [2][-]{subsection.1.5}{Tests}{section.1}% 17
\BOOKMARK [3][-]{subsubsection.1.5.1}{Login Aktivit\344t}{subsection.1.5}% 18
\BOOKMARK [3][-]{subsubsection.1.5.2}{Routen Aktivit\344t}{subsection.1.5}% 19
\BOOKMARK [3][-]{subsubsection.1.5.3}{Checkpoint Aktivit\344t}{subsection.1.5}% 20
