This is pdfTeX, Version 3.1415926-2.5-1.40.14 (MiKTeX 2.9) (preloaded format=pdflatex 2015.4.14)  3 JAN 2016 19:56
entering extended mode
**Documentation.tex
(C:\Users\Thomas\Desktop\MobileSemesterProject1516\doc\Documentation.tex
LaTeX2e <2011/06/27>
Babel <v3.8m> and hyphenation patterns for english, afrikaans, ancientgreek, ar
abic, armenian, assamese, basque, bengali, bokmal, bulgarian, catalan, coptic, 
croatian, czech, danish, dutch, esperanto, estonian, farsi, finnish, french, ga
lician, german, german-x-2013-05-26, greek, gujarati, hindi, hungarian, iceland
ic, indonesian, interlingua, irish, italian, kannada, kurmanji, latin, latvian,
 lithuanian, malayalam, marathi, mongolian, mongolianlmc, monogreek, ngerman, n
german-x-2013-05-26, nynorsk, oriya, panjabi, pinyin, polish, portuguese, roman
ian, russian, sanskrit, serbian, slovak, slovenian, spanish, swedish, swissgerm
an, tamil, telugu, turkish, turkmen, ukenglish, ukrainian, uppersorbian, usengl
ishmax, welsh, loaded.
("C:\Program Files (x86)\MiKTeX 2.9\tex\latex\base\article.cls"
Document Class: article 2007/10/19 v1.4h Standard LaTeX document class
("C:\Program Files (x86)\MiKTeX 2.9\tex\latex\base\size11.clo"
File: size11.clo 2007/10/19 v1.4h Standard LaTeX file (size option)
)
\c@part=\count79
\c@section=\count80
\c@subsection=\count81
\c@subsubsection=\count82
\c@paragraph=\count83
\c@subparagraph=\count84
\c@figure=\count85
\c@table=\count86
\abovecaptionskip=\skip41
\belowcaptionskip=\skip42
\bibindent=\dimen102
)
("C:\Program Files (x86)\MiKTeX 2.9\tex\latex\geometry\geometry.sty"
Package: geometry 2010/09/12 v5.6 Page Geometry

("C:\Program Files (x86)\MiKTeX 2.9\tex\latex\graphics\keyval.sty"
Package: keyval 1999/03/16 v1.13 key=value parser (DPC)
\KV@toks@=\toks14
)
("C:\Program Files (x86)\MiKTeX 2.9\tex\generic\oberdiek\ifpdf.sty"
Package: ifpdf 2011/01/30 v2.3 Provides the ifpdf switch (HO)
Package ifpdf Info: pdfTeX in PDF mode is detected.
)
("C:\Program Files (x86)\MiKTeX 2.9\tex\generic\oberdiek\ifvtex.sty"
Package: ifvtex 2010/03/01 v1.5 Detect VTeX and its facilities (HO)
Package ifvtex Info: VTeX not detected.
)
("C:\Program Files (x86)\MiKTeX 2.9\tex\generic\ifxetex\ifxetex.sty"
Package: ifxetex 2010/09/12 v0.6 Provides ifxetex conditional
)
\Gm@cnth=\count87
\Gm@cntv=\count88
\c@Gm@tempcnt=\count89
\Gm@bindingoffset=\dimen103
\Gm@wd@mp=\dimen104
\Gm@odd@mp=\dimen105
\Gm@even@mp=\dimen106
\Gm@layoutwidth=\dimen107
\Gm@layoutheight=\dimen108
\Gm@layouthoffset=\dimen109
\Gm@layoutvoffset=\dimen110
\Gm@dimlist=\toks15

("C:\Program Files (x86)\MiKTeX 2.9\tex\latex\geometry\geometry.cfg"))
(C:\Users\Thomas\AppData\Roaming\MiKTeX\2.9\tex\latex\pdfpages\pdfpages.sty
Package: pdfpages 2015/04/15 v0.4w Insert pages of external PDF documents (AM)

("C:\Program Files (x86)\MiKTeX 2.9\tex\latex\base\ifthen.sty"
Package: ifthen 2001/05/26 v1.1c Standard LaTeX ifthen package (DPC)
)
("C:\Program Files (x86)\MiKTeX 2.9\tex\latex\tools\calc.sty"
Package: calc 2007/08/22 v4.3 Infix arithmetic (KKT,FJ)
\calc@Acount=\count90
\calc@Bcount=\count91
\calc@Adimen=\dimen111
\calc@Bdimen=\dimen112
\calc@Askip=\skip43
\calc@Bskip=\skip44
LaTeX Info: Redefining \setlength on input line 76.
LaTeX Info: Redefining \addtolength on input line 77.
\calc@Ccount=\count92
\calc@Cskip=\skip45
)
(C:\Users\Thomas\AppData\Roaming\MiKTeX\2.9\tex\latex\eso-pic\eso-pic.sty
Package: eso-pic 2013/10/06 v2.0d eso-pic (RN)

("C:\Program Files (x86)\MiKTeX 2.9\tex\generic\oberdiek\atbegshi.sty"
Package: atbegshi 2011/10/05 v1.16 At begin shipout hook (HO)

("C:\Program Files (x86)\MiKTeX 2.9\tex\generic\oberdiek\infwarerr.sty"
Package: infwarerr 2010/04/08 v1.3 Providing info/warning/error messages (HO)
)
("C:\Program Files (x86)\MiKTeX 2.9\tex\generic\oberdiek\ltxcmds.sty"
Package: ltxcmds 2011/11/09 v1.22 LaTeX kernel commands for general use (HO)
))
(C:\Users\Thomas\AppData\Roaming\MiKTeX\2.9\tex\latex\xcolor\xcolor.sty
Package: xcolor 2007/01/21 v2.11 LaTeX color extensions (UK)

("C:\Program Files (x86)\MiKTeX 2.9\tex\latex\00miktex\color.cfg"
File: color.cfg 2007/01/18 v1.5 color configuration of teTeX/TeXLive
)
Package xcolor Info: Driver file: pdftex.def on input line 225.

("C:\Program Files (x86)\MiKTeX 2.9\tex\latex\pdftex-def\pdftex.def"
File: pdftex.def 2011/05/27 v0.06d Graphics/color for pdfTeX
\Gread@gobject=\count93
)
Package xcolor Info: Model `cmy' substituted by `cmy0' on input line 1337.
Package xcolor Info: Model `hsb' substituted by `rgb' on input line 1341.
Package xcolor Info: Model `RGB' extended on input line 1353.
Package xcolor Info: Model `HTML' substituted by `rgb' on input line 1355.
Package xcolor Info: Model `Hsb' substituted by `hsb' on input line 1356.
Package xcolor Info: Model `tHsb' substituted by `hsb' on input line 1357.
Package xcolor Info: Model `HSB' substituted by `hsb' on input line 1358.
Package xcolor Info: Model `Gray' substituted by `gray' on input line 1359.
Package xcolor Info: Model `wave' substituted by `hsb' on input line 1360.
))
("C:\Program Files (x86)\MiKTeX 2.9\tex\latex\graphics\graphicx.sty"
Package: graphicx 1999/02/16 v1.0f Enhanced LaTeX Graphics (DPC,SPQR)

("C:\Program Files (x86)\MiKTeX 2.9\tex\latex\graphics\graphics.sty"
Package: graphics 2009/02/05 v1.0o Standard LaTeX Graphics (DPC,SPQR)

("C:\Program Files (x86)\MiKTeX 2.9\tex\latex\graphics\trig.sty"
Package: trig 1999/03/16 v1.09 sin cos tan (DPC)
)
("C:\Program Files (x86)\MiKTeX 2.9\tex\latex\00miktex\graphics.cfg"
File: graphics.cfg 2007/01/18 v1.5 graphics configuration of teTeX/TeXLive
)
Package graphics Info: Driver file: pdftex.def on input line 91.
)
\Gin@req@height=\dimen113
\Gin@req@width=\dimen114
)
(C:\Users\Thomas\AppData\Roaming\MiKTeX\2.9\tex\latex\pdfpages\pppdftex.def
File: pppdftex.def 2015/04/15 v0.4w Pdfpages driver for pdfTeX (AM)
)
\AM@pagebox=\box26
\AM@toc@title=\toks16
\c@AM@survey=\count94
\AM@templatesizebox=\box27
)
(C:\Users\Thomas\AppData\Roaming\MiKTeX\2.9\tex\latex\caption\caption.sty
Package: caption 2013/05/02 v3.3-89 Customizing captions (AR)

(C:\Users\Thomas\AppData\Roaming\MiKTeX\2.9\tex\latex\caption\caption3.sty
Package: caption3 2013/05/02 v1.6-88 caption3 kernel (AR)
Package caption3 Info: TeX engine: e-TeX on input line 57.
\captionmargin=\dimen115
\captionmargin@=\dimen116
\captionwidth=\dimen117
\caption@tempdima=\dimen118
\caption@indent=\dimen119
\caption@parindent=\dimen120
\caption@hangindent=\dimen121
)
\c@ContinuedFloat=\count95
)
(C:\Users\Thomas\AppData\Roaming\MiKTeX\2.9\tex\latex\minted\minted.sty
Package: minted 2015/01/31 v2.0 Yet another Pygments shim for LaTeX

("C:\Program Files (x86)\MiKTeX 2.9\tex\latex\oberdiek\kvoptions.sty"
Package: kvoptions 2011/06/30 v3.11 Key value format for package options (HO)

("C:\Program Files (x86)\MiKTeX 2.9\tex\generic\oberdiek\kvsetkeys.sty"
Package: kvsetkeys 2012/04/25 v1.16 Key value parser (HO)

("C:\Program Files (x86)\MiKTeX 2.9\tex\generic\oberdiek\etexcmds.sty"
Package: etexcmds 2011/02/16 v1.5 Avoid name clashes with e-TeX commands (HO)

("C:\Program Files (x86)\MiKTeX 2.9\tex\generic\oberdiek\ifluatex.sty"
Package: ifluatex 2010/03/01 v1.3 Provides the ifluatex switch (HO)
Package ifluatex Info: LuaTeX not detected.
)
Package etexcmds Info: Could not find \expanded.
(etexcmds)             That can mean that you are not using pdfTeX 1.50 or
(etexcmds)             that some package has redefined \expanded.
(etexcmds)             In the latter case, load this package earlier.
)))
(C:\Users\Thomas\AppData\Roaming\MiKTeX\2.9\tex\latex\fancyvrb\fancyvrb.sty
Package: fancyvrb 2008/02/07

Style option: `fancyvrb' v2.7a, with DG/SPQR fixes, and firstline=lastline fix 
<2008/02/07> (tvz)
\FV@CodeLineNo=\count96
\FV@InFile=\read1
\FV@TabBox=\box28
\c@FancyVerbLine=\count97
\FV@StepNumber=\count98
\FV@OutFile=\write3
)
("C:\Program Files (x86)\MiKTeX 2.9\tex\latex\float\float.sty"
Package: float 2001/11/08 v1.3d Float enhancements (AL)
\c@float@type=\count99
\float@exts=\toks17
\float@box=\box29
\@float@everytoks=\toks18
\@floatcapt=\box30
)
(C:\Users\Thomas\AppData\Roaming\MiKTeX\2.9\tex\latex\ifplatform\ifplatform.sty
Package: ifplatform 2010/10/22 v0.4 Testing for the operating system
("C:\Program Files (x86)\MiKTeX 2.9\tex\generic\oberdiek\pdftexcmds.sty"
Package: pdftexcmds 2011/11/29 v0.20 Utility functions of pdfTeX for LuaTeX (HO
)
Package pdftexcmds Info: LuaTeX not detected.
Package pdftexcmds Info: \pdf@primitive is available.
Package pdftexcmds Info: \pdf@ifprimitive is available.
Package pdftexcmds Info: \pdfdraftmode found.
)
("C:\Program Files (x86)\MiKTeX 2.9\tex\generic\oberdiek\catchfile.sty"
Package: catchfile 2011/03/01 v1.6 Catch the contents of a file (HO)
))
(C:\Users\Thomas\AppData\Roaming\MiKTeX\2.9\tex\latex\etoolbox\etoolbox.sty
Package: etoolbox 2015/03/19 v2.1d e-TeX tools for LaTeX (JAW)

("C:\Program Files (x86)\MiKTeX 2.9\tex\latex\misc\etex.sty"
Package: etex 1998/03/26 v2.0 eTeX basic definition package (PEB)
\et@xins=\count100
)
\etb@tempcnta=\count101
)
(C:\Users\Thomas\AppData\Roaming\MiKTeX\2.9\tex\latex\xstring\xstring.sty
(C:\Users\Thomas\AppData\Roaming\MiKTeX\2.9\tex\generic\xstring\xstring.tex
\@xs@message=\write4
\integerpart=\count102
\decimalpart=\count103
)
Package: xstring 2013/10/13  v1.7c  String manipulations (C Tellechea)
)
(C:\Users\Thomas\AppData\Roaming\MiKTeX\2.9\tex\latex\lineno\lineno.sty
Package: lineno 2005/11/02 line numbers on paragraphs v4.41
\linenopenalty=\count104
\output=\toks19
\linenoprevgraf=\count105
\linenumbersep=\dimen122
\linenumberwidth=\dimen123
\c@linenumber=\count106
\c@pagewiselinenumber=\count107
\c@LN@truepage=\count108
\c@internallinenumber=\count109
\c@internallinenumbers=\count110
\quotelinenumbersep=\dimen124
\bframerule=\dimen125
\bframesep=\dimen126
\bframebox=\box31
LaTeX Info: Redefining \\ on input line 3056.
)
\minted@appexistsfile=\read2
\FV@BreakIndent=\dimen127
\FV@BreakSymbolSepLeft=\dimen128
\FV@BreakSymbolSepRight=\dimen129
\FV@BreakSymbolIndentLeft=\dimen130
\FV@BreakSymbolIndentRight=\dimen131
\c@FancyVerbLineBreakLast=\count111
\FV@LineBox=\box32
\FV@LineIndentBox=\box33
\minted@bgbox=\box34
\minted@code=\write5
\c@minted@FancyVerbLineTemp=\count112
\@float@every@listing=\toks20
\c@listing=\count113
)
runsystem(if not exist "_minted-Documentation" mkdir "_minted-Documentation")..
.executed.

runsystem(for ^%i in (pygmentize.exe pygmentize.bat pygmentize.cmd) do set >"Do
cumentation.aex" <nul: /p x=^%~$PATH:i>>"Documentation.aex")...executed.

runsystem(del "Documentation.aex")...executed.


(C:\Users\Thomas\Desktop\MobileSemesterProject1516\doc\_minted-Documentation/de
fault.pygstyle) ("C:\Program Files (x86)\MiKTeX 2.9\tex\generic\babel\babel.sty
"
Package: babel 2008/07/08 v3.8m The Babel package

*************************************
* Local config file bblopts.cfg used
*
("C:\Program Files (x86)\MiKTeX 2.9\tex\latex\00miktex\bblopts.cfg"
File: bblopts.cfg 2006/07/31 v1.0 MiKTeX 'babel' configuration
)
(C:\Users\Thomas\AppData\Roaming\MiKTeX\2.9\tex\latex\babel-german\germanb.ldf
Language: germanb 2014/10/10 v2.7b German support for babel (traditional orthog
raphy)

("C:\Program Files (x86)\MiKTeX 2.9\tex\generic\babel\babel.def"
File: babel.def 2008/07/08 v3.8m Babel common definitions
\babel@savecnt=\count114
\U@D=\dimen132
)
\l@austrian = a dialect from \language\l@german 
Package babel Info: Making " an active character on input line 110.
))
("C:\Program Files (x86)\MiKTeX 2.9\tex\latex\base\inputenc.sty"
Package: inputenc 2008/03/30 v1.1d Input encoding file
\inpenc@prehook=\toks21
\inpenc@posthook=\toks22

("C:\Program Files (x86)\MiKTeX 2.9\tex\latex\base\utf8.def"
File: utf8.def 2008/04/05 v1.1m UTF-8 support for inputenc
Now handling font encoding OML ...
... no UTF-8 mapping file for font encoding OML
Now handling font encoding T1 ...
... processing UTF-8 mapping file for font encoding T1

("C:\Program Files (x86)\MiKTeX 2.9\tex\latex\base\t1enc.dfu"
File: t1enc.dfu 2008/04/05 v1.1m UTF-8 support for inputenc
   defining Unicode char U+00A1 (decimal 161)
   defining Unicode char U+00A3 (decimal 163)
   defining Unicode char U+00AB (decimal 171)
   defining Unicode char U+00BB (decimal 187)
   defining Unicode char U+00BF (decimal 191)
   defining Unicode char U+00C0 (decimal 192)
   defining Unicode char U+00C1 (decimal 193)
   defining Unicode char U+00C2 (decimal 194)
   defining Unicode char U+00C3 (decimal 195)
   defining Unicode char U+00C4 (decimal 196)
   defining Unicode char U+00C5 (decimal 197)
   defining Unicode char U+00C6 (decimal 198)
   defining Unicode char U+00C7 (decimal 199)
   defining Unicode char U+00C8 (decimal 200)
   defining Unicode char U+00C9 (decimal 201)
   defining Unicode char U+00CA (decimal 202)
   defining Unicode char U+00CB (decimal 203)
   defining Unicode char U+00CC (decimal 204)
   defining Unicode char U+00CD (decimal 205)
   defining Unicode char U+00CE (decimal 206)
   defining Unicode char U+00CF (decimal 207)
   defining Unicode char U+00D0 (decimal 208)
   defining Unicode char U+00D1 (decimal 209)
   defining Unicode char U+00D2 (decimal 210)
   defining Unicode char U+00D3 (decimal 211)
   defining Unicode char U+00D4 (decimal 212)
   defining Unicode char U+00D5 (decimal 213)
   defining Unicode char U+00D6 (decimal 214)
   defining Unicode char U+00D8 (decimal 216)
   defining Unicode char U+00D9 (decimal 217)
   defining Unicode char U+00DA (decimal 218)
   defining Unicode char U+00DB (decimal 219)
   defining Unicode char U+00DC (decimal 220)
   defining Unicode char U+00DD (decimal 221)
   defining Unicode char U+00DE (decimal 222)
   defining Unicode char U+00DF (decimal 223)
   defining Unicode char U+00E0 (decimal 224)
   defining Unicode char U+00E1 (decimal 225)
   defining Unicode char U+00E2 (decimal 226)
   defining Unicode char U+00E3 (decimal 227)
   defining Unicode char U+00E4 (decimal 228)
   defining Unicode char U+00E5 (decimal 229)
   defining Unicode char U+00E6 (decimal 230)
   defining Unicode char U+00E7 (decimal 231)
   defining Unicode char U+00E8 (decimal 232)
   defining Unicode char U+00E9 (decimal 233)
   defining Unicode char U+00EA (decimal 234)
   defining Unicode char U+00EB (decimal 235)
   defining Unicode char U+00EC (decimal 236)
   defining Unicode char U+00ED (decimal 237)
   defining Unicode char U+00EE (decimal 238)
   defining Unicode char U+00EF (decimal 239)
   defining Unicode char U+00F0 (decimal 240)
   defining Unicode char U+00F1 (decimal 241)
   defining Unicode char U+00F2 (decimal 242)
   defining Unicode char U+00F3 (decimal 243)
   defining Unicode char U+00F4 (decimal 244)
   defining Unicode char U+00F5 (decimal 245)
   defining Unicode char U+00F6 (decimal 246)
   defining Unicode char U+00F8 (decimal 248)
   defining Unicode char U+00F9 (decimal 249)
   defining Unicode char U+00FA (decimal 250)
   defining Unicode char U+00FB (decimal 251)
   defining Unicode char U+00FC (decimal 252)
   defining Unicode char U+00FD (decimal 253)
   defining Unicode char U+00FE (decimal 254)
   defining Unicode char U+00FF (decimal 255)
   defining Unicode char U+0102 (decimal 258)
   defining Unicode char U+0103 (decimal 259)
   defining Unicode char U+0104 (decimal 260)
   defining Unicode char U+0105 (decimal 261)
   defining Unicode char U+0106 (decimal 262)
   defining Unicode char U+0107 (decimal 263)
   defining Unicode char U+010C (decimal 268)
   defining Unicode char U+010D (decimal 269)
   defining Unicode char U+010E (decimal 270)
   defining Unicode char U+010F (decimal 271)
   defining Unicode char U+0110 (decimal 272)
   defining Unicode char U+0111 (decimal 273)
   defining Unicode char U+0118 (decimal 280)
   defining Unicode char U+0119 (decimal 281)
   defining Unicode char U+011A (decimal 282)
   defining Unicode char U+011B (decimal 283)
   defining Unicode char U+011E (decimal 286)
   defining Unicode char U+011F (decimal 287)
   defining Unicode char U+0130 (decimal 304)
   defining Unicode char U+0131 (decimal 305)
   defining Unicode char U+0132 (decimal 306)
   defining Unicode char U+0133 (decimal 307)
   defining Unicode char U+0139 (decimal 313)
   defining Unicode char U+013A (decimal 314)
   defining Unicode char U+013D (decimal 317)
   defining Unicode char U+013E (decimal 318)
   defining Unicode char U+0141 (decimal 321)
   defining Unicode char U+0142 (decimal 322)
   defining Unicode char U+0143 (decimal 323)
   defining Unicode char U+0144 (decimal 324)
   defining Unicode char U+0147 (decimal 327)
   defining Unicode char U+0148 (decimal 328)
   defining Unicode char U+014A (decimal 330)
   defining Unicode char U+014B (decimal 331)
   defining Unicode char U+0150 (decimal 336)
   defining Unicode char U+0151 (decimal 337)
   defining Unicode char U+0152 (decimal 338)
   defining Unicode char U+0153 (decimal 339)
   defining Unicode char U+0154 (decimal 340)
   defining Unicode char U+0155 (decimal 341)
   defining Unicode char U+0158 (decimal 344)
   defining Unicode char U+0159 (decimal 345)
   defining Unicode char U+015A (decimal 346)
   defining Unicode char U+015B (decimal 347)
   defining Unicode char U+015E (decimal 350)
   defining Unicode char U+015F (decimal 351)
   defining Unicode char U+0160 (decimal 352)
   defining Unicode char U+0161 (decimal 353)
   defining Unicode char U+0162 (decimal 354)
   defining Unicode char U+0163 (decimal 355)
   defining Unicode char U+0164 (decimal 356)
   defining Unicode char U+0165 (decimal 357)
   defining Unicode char U+016E (decimal 366)
   defining Unicode char U+016F (decimal 367)
   defining Unicode char U+0170 (decimal 368)
   defining Unicode char U+0171 (decimal 369)
   defining Unicode char U+0178 (decimal 376)
   defining Unicode char U+0179 (decimal 377)
   defining Unicode char U+017A (decimal 378)
   defining Unicode char U+017B (decimal 379)
   defining Unicode char U+017C (decimal 380)
   defining Unicode char U+017D (decimal 381)
   defining Unicode char U+017E (decimal 382)
   defining Unicode char U+200C (decimal 8204)
   defining Unicode char U+2013 (decimal 8211)
   defining Unicode char U+2014 (decimal 8212)
   defining Unicode char U+2018 (decimal 8216)
   defining Unicode char U+2019 (decimal 8217)
   defining Unicode char U+201A (decimal 8218)
   defining Unicode char U+201C (decimal 8220)
   defining Unicode char U+201D (decimal 8221)
   defining Unicode char U+201E (decimal 8222)
   defining Unicode char U+2030 (decimal 8240)
   defining Unicode char U+2031 (decimal 8241)
   defining Unicode char U+2039 (decimal 8249)
   defining Unicode char U+203A (decimal 8250)
   defining Unicode char U+2423 (decimal 9251)
)
Now handling font encoding OT1 ...
... processing UTF-8 mapping file for font encoding OT1

("C:\Program Files (x86)\MiKTeX 2.9\tex\latex\base\ot1enc.dfu"
File: ot1enc.dfu 2008/04/05 v1.1m UTF-8 support for inputenc
   defining Unicode char U+00A1 (decimal 161)
   defining Unicode char U+00A3 (decimal 163)
   defining Unicode char U+00B8 (decimal 184)
   defining Unicode char U+00BF (decimal 191)
   defining Unicode char U+00C5 (decimal 197)
   defining Unicode char U+00C6 (decimal 198)
   defining Unicode char U+00D8 (decimal 216)
   defining Unicode char U+00DF (decimal 223)
   defining Unicode char U+00E6 (decimal 230)
   defining Unicode char U+00EC (decimal 236)
   defining Unicode char U+00ED (decimal 237)
   defining Unicode char U+00EE (decimal 238)
   defining Unicode char U+00EF (decimal 239)
   defining Unicode char U+00F8 (decimal 248)
   defining Unicode char U+0131 (decimal 305)
   defining Unicode char U+0141 (decimal 321)
   defining Unicode char U+0142 (decimal 322)
   defining Unicode char U+0152 (decimal 338)
   defining Unicode char U+0153 (decimal 339)
   defining Unicode char U+2013 (decimal 8211)
   defining Unicode char U+2014 (decimal 8212)
   defining Unicode char U+2018 (decimal 8216)
   defining Unicode char U+2019 (decimal 8217)
   defining Unicode char U+201C (decimal 8220)
   defining Unicode char U+201D (decimal 8221)
)
Now handling font encoding OMS ...
... processing UTF-8 mapping file for font encoding OMS

("C:\Program Files (x86)\MiKTeX 2.9\tex\latex\base\omsenc.dfu"
File: omsenc.dfu 2008/04/05 v1.1m UTF-8 support for inputenc
   defining Unicode char U+00A7 (decimal 167)
   defining Unicode char U+00B6 (decimal 182)
   defining Unicode char U+00B7 (decimal 183)
   defining Unicode char U+2020 (decimal 8224)
   defining Unicode char U+2021 (decimal 8225)
   defining Unicode char U+2022 (decimal 8226)
)
Now handling font encoding OMX ...
... no UTF-8 mapping file for font encoding OMX
Now handling font encoding U ...
... no UTF-8 mapping file for font encoding U
   defining Unicode char U+00A9 (decimal 169)
   defining Unicode char U+00AA (decimal 170)
   defining Unicode char U+00AE (decimal 174)
   defining Unicode char U+00BA (decimal 186)
   defining Unicode char U+02C6 (decimal 710)
   defining Unicode char U+02DC (decimal 732)
   defining Unicode char U+200C (decimal 8204)
   defining Unicode char U+2026 (decimal 8230)
   defining Unicode char U+2122 (decimal 8482)
   defining Unicode char U+2423 (decimal 9251)
))
(C:\Users\Thomas\AppData\Roaming\MiKTeX\2.9\tex\latex\titlesec\titlesec.sty
Package: titlesec 2011/12/15 v2.10.0 Sectioning titles
\ttl@box=\box35
\beforetitleunit=\skip46
\aftertitleunit=\skip47
\ttl@plus=\dimen133
\ttl@minus=\dimen134
\ttl@toksa=\toks23
\titlewidth=\dimen135
\titlewidthlast=\dimen136
\titlewidthfirst=\dimen137
)
(C:\Users\Thomas\AppData\Roaming\MiKTeX\2.9\tex\latex\fancyhdr\fancyhdr.sty
\fancy@headwidth=\skip48
\f@ncyO@elh=\skip49
\f@ncyO@erh=\skip50
\f@ncyO@olh=\skip51
\f@ncyO@orh=\skip52
\f@ncyO@elf=\skip53
\f@ncyO@erf=\skip54
\f@ncyO@olf=\skip55
\f@ncyO@orf=\skip56
)
(C:\Users\Thomas\AppData\Roaming\MiKTeX\2.9\tex\latex\lastpage\lastpage.sty

LaTeX Warning: You have requested release `2014/05/01' of LaTeX,
               but only release `2011/06/27' is available.

Package: lastpage 2015/03/29 v1.2m Refers to last page's name (HMM; JPG)
) ("C:\Program Files (x86)\MiKTeX 2.9\tex\latex\hyperref\hyperref.sty"
Package: hyperref 2012/11/06 v6.83m Hypertext links for LaTeX

("C:\Program Files (x86)\MiKTeX 2.9\tex\generic\oberdiek\hobsub-hyperref.sty"
Package: hobsub-hyperref 2012/04/25 v1.12 Bundle oberdiek, subset hyperref (HO)


("C:\Program Files (x86)\MiKTeX 2.9\tex\generic\oberdiek\hobsub-generic.sty"
Package: hobsub-generic 2012/04/25 v1.12 Bundle oberdiek, subset generic (HO)
Package: hobsub 2012/04/25 v1.12 Construct package bundles (HO)
Package hobsub Info: Skipping package `infwarerr' (already loaded).
Package hobsub Info: Skipping package `ltxcmds' (already loaded).
Package hobsub Info: Skipping package `ifluatex' (already loaded).
Package hobsub Info: Skipping package `ifvtex' (already loaded).
Package: intcalc 2007/09/27 v1.1 Expandable calculations with integers (HO)
Package hobsub Info: Skipping package `ifpdf' (already loaded).
Package hobsub Info: Skipping package `etexcmds' (already loaded).
Package hobsub Info: Skipping package `kvsetkeys' (already loaded).
Package: kvdefinekeys 2011/04/07 v1.3 Define keys (HO)
Package hobsub Info: Skipping package `pdftexcmds' (already loaded).
Package: pdfescape 2011/11/25 v1.13 Implements pdfTeX's escape features (HO)
Package: bigintcalc 2012/04/08 v1.3 Expandable calculations on big integers (HO
)
Package: bitset 2011/01/30 v1.1 Handle bit-vector datatype (HO)
Package: uniquecounter 2011/01/30 v1.2 Provide unlimited unique counter (HO)
)
Package hobsub Info: Skipping package `hobsub' (already loaded).
Package: letltxmacro 2010/09/02 v1.4 Let assignment for LaTeX macros (HO)
Package: hopatch 2011/06/24 v1.1 Wrapper for package hooks (HO)
Package: xcolor-patch 2011/01/30 xcolor patch
Package: atveryend 2011/06/30 v1.8 Hooks at the very end of document (HO)
Package hobsub Info: Skipping package `atbegshi' (already loaded).
Package: refcount 2011/10/16 v3.4 Data extraction from label references (HO)
Package: hycolor 2011/01/30 v1.7 Color options for hyperref/bookmark (HO)
)
("C:\Program Files (x86)\MiKTeX 2.9\tex\latex\oberdiek\auxhook.sty"
Package: auxhook 2011/03/04 v1.3 Hooks for auxiliary files (HO)
)
\@linkdim=\dimen138
\Hy@linkcounter=\count115
\Hy@pagecounter=\count116

("C:\Program Files (x86)\MiKTeX 2.9\tex\latex\hyperref\pd1enc.def"
File: pd1enc.def 2012/11/06 v6.83m Hyperref: PDFDocEncoding definition (HO)
Now handling font encoding PD1 ...
... no UTF-8 mapping file for font encoding PD1
)
\Hy@SavedSpaceFactor=\count117

("C:\Program Files (x86)\MiKTeX 2.9\tex\latex\00miktex\hyperref.cfg"
File: hyperref.cfg 2002/06/06 v1.2 hyperref configuration of TeXLive
)
Package hyperref Info: Hyper figures OFF on input line 4443.
Package hyperref Info: Link nesting OFF on input line 4448.
Package hyperref Info: Hyper index ON on input line 4451.
Package hyperref Info: Plain pages OFF on input line 4458.
Package hyperref Info: Backreferencing OFF on input line 4463.
Package hyperref Info: Implicit mode ON; LaTeX internals redefined.
Package hyperref Info: Bookmarks ON on input line 4688.
\c@Hy@tempcnt=\count118

(C:\Users\Thomas\AppData\Roaming\MiKTeX\2.9\tex\latex\url\url.sty
\Urlmuskip=\muskip10
Package: url 2013/09/16  ver 3.4  Verb mode for urls, etc.
)
LaTeX Info: Redefining \url on input line 5041.
\XeTeXLinkMargin=\dimen139
\Fld@menulength=\count119
\Field@Width=\dimen140
\Fld@charsize=\dimen141
Package hyperref Info: Hyper figures OFF on input line 6295.
Package hyperref Info: Link nesting OFF on input line 6300.
Package hyperref Info: Hyper index ON on input line 6303.
Package hyperref Info: backreferencing OFF on input line 6310.
Package hyperref Info: Link coloring OFF on input line 6315.
Package hyperref Info: Link coloring with OCG OFF on input line 6320.
Package hyperref Info: PDF/A mode OFF on input line 6325.
LaTeX Info: Redefining \ref on input line 6365.
LaTeX Info: Redefining \pageref on input line 6369.
\Hy@abspage=\count120
\c@Item=\count121
\c@Hfootnote=\count122
)

Package hyperref Message: Driver (autodetected): hpdftex.

("C:\Program Files (x86)\MiKTeX 2.9\tex\latex\hyperref\hpdftex.def"
File: hpdftex.def 2012/11/06 v6.83m Hyperref driver for pdfTeX
\Fld@listcount=\count123
\c@bookmark@seq@number=\count124

("C:\Program Files (x86)\MiKTeX 2.9\tex\latex\oberdiek\rerunfilecheck.sty"
Package: rerunfilecheck 2011/04/15 v1.7 Rerun checks for auxiliary files (HO)
Package uniquecounter Info: New unique counter `rerunfilecheck' on input line 2
82.
)
\Hy@SectionHShift=\skip57
)

Package geometry Warning: Over-specification in `h'-direction.
    `width' (597.50787pt) is ignored.


Package geometry Warning: Over-specification in `v'-direction.
    `height' (845.04684pt) is ignored.

(C:\Users\Thomas\Desktop\MobileSemesterProject1516\doc\Documentation.aux)
LaTeX Font Info:    Checking defaults for OML/cmm/m/it on input line 111.
LaTeX Font Info:    ... okay on input line 111.
LaTeX Font Info:    Checking defaults for T1/cmr/m/n on input line 111.
LaTeX Font Info:    ... okay on input line 111.
LaTeX Font Info:    Checking defaults for OT1/cmr/m/n on input line 111.
LaTeX Font Info:    ... okay on input line 111.
LaTeX Font Info:    Checking defaults for OMS/cmsy/m/n on input line 111.
LaTeX Font Info:    ... okay on input line 111.
LaTeX Font Info:    Checking defaults for OMX/cmex/m/n on input line 111.
LaTeX Font Info:    ... okay on input line 111.
LaTeX Font Info:    Checking defaults for U/cmr/m/n on input line 111.
LaTeX Font Info:    ... okay on input line 111.
LaTeX Font Info:    Checking defaults for PD1/pdf/m/n on input line 111.
LaTeX Font Info:    ... okay on input line 111.

*geometry* driver: auto-detecting
*geometry* detected driver: pdftex
*geometry* verbose mode - [ preamble ] result:
* driver: pdftex
* paper: a4paper
* layout: <same size as paper>
* layoutoffset:(h,v)=(0.0pt,0.0pt)
* modes: twoside 
* h-part:(L,W,R)=(56.9055pt, 483.69687pt, 56.9055pt)
* v-part:(T,H,B)=(56.9055pt, 702.78308pt, 85.35826pt)
* \paperwidth=597.50787pt
* \paperheight=845.04684pt
* \textwidth=483.69687pt
* \textheight=702.78308pt
* \oddsidemargin=-15.36449pt
* \evensidemargin=-15.36449pt
* \topmargin=-52.36449pt
* \headheight=12.0pt
* \headsep=25.0pt
* \topskip=11.0pt
* \footskip=30.0pt
* \marginparwidth=103.0pt
* \marginparsep=10.0pt
* \columnsep=10.0pt
* \skip\footins=10.0pt plus 4.0pt minus 2.0pt
* \hoffset=0.0pt
* \voffset=0.0pt
* \mag=1000
* \@twocolumnfalse
* \@twosidetrue
* \@mparswitchtrue
* \@reversemarginfalse
* (1in=72.27pt=25.4mm, 1cm=28.453pt)

\AtBeginShipoutBox=\box36
(C:\Users\Thomas\AppData\Roaming\MiKTeX\2.9\tex\context\base\supp-pdf.mkii
[Loading MPS to PDF converter (version 2006.09.02).]
\scratchcounter=\count125
\scratchdimen=\dimen142
\scratchbox=\box37
\nofMPsegments=\count126
\nofMParguments=\count127
\everyMPshowfont=\toks24
\MPscratchCnt=\count128
\MPscratchDim=\dimen143
\MPnumerator=\count129
\makeMPintoPDFobject=\count130
\everyMPtoPDFconversion=\toks25
)
Package caption Info: Begin \AtBeginDocument code.
Package caption Info: float package is loaded.
Package caption Info: hyperref package is loaded.
Package caption Info: End \AtBeginDocument code.
Package lastpage Info: Please have a look at the pageslts package at
(lastpage)             https://www.ctan.org/pkg/pageslts
(lastpage)             ! on input line 111.
Package hyperref Info: Link coloring OFF on input line 111.
 ("C:\Program Files (x86)\MiKTeX 2.9\tex\latex\hyperref\nameref.sty"
Package: nameref 2012/10/27 v2.43 Cross-referencing by name of section

("C:\Program Files (x86)\MiKTeX 2.9\tex\generic\oberdiek\gettitlestring.sty"
Package: gettitlestring 2010/12/03 v1.4 Cleanup title references (HO)
)
\c@section@level=\count131
)
LaTeX Info: Redefining \ref on input line 111.
LaTeX Info: Redefining \pageref on input line 111.
LaTeX Info: Redefining \nameref on input line 111.

(C:\Users\Thomas\Desktop\MobileSemesterProject1516\doc\Documentation.out)
(C:\Users\Thomas\Desktop\MobileSemesterProject1516\doc\Documentation.out)
\@outlinefile=\write6

Underfull \hbox (badness 10000) in paragraph at lines 118--120

 []


Underfull \hbox (badness 10000) in paragraph at lines 122--126

 []


Underfull \hbox (badness 10000) in paragraph at lines 150--155

 []

<FHO_Logo_Students.jpg, id=83, 569.0058pt x 476.0184pt>
File: FHO_Logo_Students.jpg Graphic file (type jpg)

<use FHO_Logo_Students.jpg>
Package pdftex.def Info: FHO_Logo_Students.jpg used on input line 155.
(pdftex.def)             Requested size: 56.9039pt x 47.60461pt.


Package Fancyhdr Warning: \headheight is too small (42.67912pt): 
 Make it at least 51.68465pt.
 We now make it that large for the rest of the document.
 This may cause the page layout to be inconsistent, however.

[1{C:/Users/Thomas/AppData/Local/MiKTeX/2.9/pdftex/config/pdftex.map}

 <C:/Users/Thomas/Desktop/MobileSemesterProject1516/doc/FHO_Logo_Students.jpg>]

<images/abstract_activity_hierarchy.PNG, id=100, 536.0025pt x 220.4235pt>
File: images/abstract_activity_hierarchy.PNG Graphic file (type png)

<use images/abstract_activity_hierarchy.PNG>
Package pdftex.def Info: images/abstract_activity_hierarchy.PNG used on input l
ine 164.
(pdftex.def)             Requested size: 214.3972pt x 88.16783pt.

<images/amazingrace_package_structure.PNG, id=102, 275.8305pt x 597.432pt>
File: images/amazingrace_package_structure.PNG Graphic file (type png)

<use images/amazingrace_package_structure.PNG>
Package pdftex.def Info: images/amazingrace_package_structure.PNG used on input
 line 172.
(pdftex.def)             Requested size: 179.28769pt x 388.3262pt.

Underfull \hbox (badness 10000) in paragraph at lines 158--177

 []


Underfull \hbox (badness 10000) in paragraph at lines 158--177

 []

File: FHO_Logo_Students.jpg Graphic file (type jpg)
<use FHO_Logo_Students.jpg>
Package pdftex.def Info: FHO_Logo_Students.jpg used on input line 177.
(pdftex.def)             Requested size: 56.9039pt x 47.60461pt.


Package Fancyhdr Warning: \headheight is too small (42.67912pt): 
 Make it at least 51.68465pt.
 We now make it that large for the rest of the document.
 This may cause the page layout to be inconsistent, however.

[2 <C:/Users/Thomas/Desktop/MobileSemesterProject1516/doc/images/abstract_activ
ity_hierarchy.PNG> <C:/Users/Thomas/Desktop/MobileSemesterProject1516/doc/image
s/amazingrace_package_structure.PNG>]
<images/amazingrace_resource_structure.PNG, id=113, 201.1515pt x 343.2825pt>
File: images/amazingrace_resource_structure.PNG Graphic file (type png)

<use images/amazingrace_resource_structure.PNG>
Package pdftex.def Info: images/amazingrace_resource_structure.PNG used on inpu
t line 182.
(pdftex.def)             Requested size: 130.74692pt x 223.13097pt.

Underfull \hbox (badness 10000) in paragraph at lines 179--189

 []


Underfull \hbox (badness 10000) in paragraph at lines 196--201

 []

File: FHO_Logo_Students.jpg Graphic file (type jpg)
<use FHO_Logo_Students.jpg>
Package pdftex.def Info: FHO_Logo_Students.jpg used on input line 208.
(pdftex.def)             Requested size: 56.9039pt x 47.60461pt.


Package Fancyhdr Warning: \headheight is too small (42.67912pt): 
 Make it at least 51.68465pt.
 We now make it that large for the rest of the document.
 This may cause the page layout to be inconsistent, however.

[3 <C:/Users/Thomas/Desktop/MobileSemesterProject1516/doc/images/amazingrace_re
source_structure.PNG>]
Package hyperref Info: bookmark level for unknown listing defaults to 0 on inpu
t line 215.

(C:\Users\Thomas\Desktop\MobileSemesterProject1516\doc\_minted-Documentation/A2
B98D16BAF2420867F2B7A51F1D89FB8F3AB97CB39F4C8121E7D15113ECDE6F.pygtex
LaTeX Font Info:    Font shape `OT1/cmtt/bx/n' in size <9> not available
(Font)              Font shape `OT1/cmtt/m/n' tried instead on input line 3.
)
File: FHO_Logo_Students.jpg Graphic file (type jpg)

<use FHO_Logo_Students.jpg>
Package pdftex.def Info: FHO_Logo_Students.jpg used on input line 218.
(pdftex.def)             Requested size: 56.9039pt x 47.60461pt.


Package Fancyhdr Warning: \headheight is too small (42.67912pt): 
 Make it at least 51.68465pt.
 We now make it that large for the rest of the document.
 This may cause the page layout to be inconsistent, however.

[4]
(C:\Users\Thomas\Desktop\MobileSemesterProject1516\doc\_minted-Documentation/A7
6FC9B01167A59350BF8302CF04C0B4209D7964AF506B11B5D43F81B811F1EA.pygtex
LaTeX Font Info:    External font `cmex10' loaded for size
(Font)              <6> on input line 36.
LaTeX Font Info:    External font `cmex10' loaded for size
(Font)              <5> on input line 36.

Underfull \vbox (badness 10000) has occurred while \output is active []

File: FHO_Logo_Students.jpg Graphic file (type jpg)

<use FHO_Logo_Students.jpg>
Package pdftex.def Info: FHO_Logo_Students.jpg used on input line 62.
(pdftex.def)             Requested size: 56.9039pt x 47.60461pt.


Package Fancyhdr Warning: \headheight is too small (42.67912pt): 
 Make it at least 51.68465pt.
 We now make it that large for the rest of the document.
 This may cause the page layout to be inconsistent, however.

[5])
File: FHO_Logo_Students.jpg Graphic file (type jpg)
 <use FHO_Logo_Students.jpg>
Package pdftex.def Info: FHO_Logo_Students.jpg used on input line 224.
(pdftex.def)             Requested size: 56.9039pt x 47.60461pt.


Package Fancyhdr Warning: \headheight is too small (42.67912pt): 
 Make it at least 51.68465pt.
 We now make it that large for the rest of the document.
 This may cause the page layout to be inconsistent, however.

[6]
(C:\Users\Thomas\Desktop\MobileSemesterProject1516\doc\_minted-Documentation/8B
93D1C16552CC7D488EE84C3AAACADD166A4D18CF221B6BDB3E5D7E50C2ACD7.pygtex
File: FHO_Logo_Students.jpg Graphic file (type jpg)

<use FHO_Logo_Students.jpg>
Package pdftex.def Info: FHO_Logo_Students.jpg used on input line 63.
(pdftex.def)             Requested size: 56.9039pt x 47.60461pt.


Package Fancyhdr Warning: \headheight is too small (42.67912pt): 
 Make it at least 51.68465pt.
 We now make it that large for the rest of the document.
 This may cause the page layout to be inconsistent, however.

[7]
Underfull \vbox (badness 10000) has occurred while \output is active []

File: FHO_Logo_Students.jpg Graphic file (type jpg)

<use FHO_Logo_Students.jpg>
Package pdftex.def Info: FHO_Logo_Students.jpg used on input line 124.
(pdftex.def)             Requested size: 56.9039pt x 47.60461pt.


Package Fancyhdr Warning: \headheight is too small (42.67912pt): 
 Make it at least 51.68465pt.
 We now make it that large for the rest of the document.
 This may cause the page layout to be inconsistent, however.

[8]
Underfull \vbox (badness 10000) has occurred while \output is active []

File: FHO_Logo_Students.jpg Graphic file (type jpg)

<use FHO_Logo_Students.jpg>
Package pdftex.def Info: FHO_Logo_Students.jpg used on input line 181.
(pdftex.def)             Requested size: 56.9039pt x 47.60461pt.


Package Fancyhdr Warning: \headheight is too small (42.67912pt): 
 Make it at least 51.68465pt.
 We now make it that large for the rest of the document.
 This may cause the page layout to be inconsistent, however.

[9]
Underfull \vbox (badness 10000) has occurred while \output is active []

File: FHO_Logo_Students.jpg Graphic file (type jpg)

<use FHO_Logo_Students.jpg>
Package pdftex.def Info: FHO_Logo_Students.jpg used on input line 241.
(pdftex.def)             Requested size: 56.9039pt x 47.60461pt.


Package Fancyhdr Warning: \headheight is too small (42.67912pt): 
 Make it at least 51.68465pt.
 We now make it that large for the rest of the document.
 This may cause the page layout to be inconsistent, however.

[10])
File: FHO_Logo_Students.jpg Graphic file (type jpg)
 <use FHO_Logo_Students.jpg>
Package pdftex.def Info: FHO_Logo_Students.jpg used on input line 229.
(pdftex.def)             Requested size: 56.9039pt x 47.60461pt.


Package Fancyhdr Warning: \headheight is too small (42.67912pt): 
 Make it at least 51.68465pt.
 We now make it that large for the rest of the document.
 This may cause the page layout to be inconsistent, however.

[11]
(C:\Users\Thomas\Desktop\MobileSemesterProject1516\doc\_minted-Documentation/31
22D4D490B232EF1AB99660677DFE7DDCB696D79B8BF5BB7595A29A61674711.pygtex
File: FHO_Logo_Students.jpg Graphic file (type jpg)

<use FHO_Logo_Students.jpg>
Package pdftex.def Info: FHO_Logo_Students.jpg used on input line 63.
(pdftex.def)             Requested size: 56.9039pt x 47.60461pt.


Package Fancyhdr Warning: \headheight is too small (42.67912pt): 
 Make it at least 51.68465pt.
 We now make it that large for the rest of the document.
 This may cause the page layout to be inconsistent, however.

[12]
Underfull \vbox (badness 10000) has occurred while \output is active []

File: FHO_Logo_Students.jpg Graphic file (type jpg)

<use FHO_Logo_Students.jpg>
Package pdftex.def Info: FHO_Logo_Students.jpg used on input line 124.
(pdftex.def)             Requested size: 56.9039pt x 47.60461pt.


Package Fancyhdr Warning: \headheight is too small (42.67912pt): 
 Make it at least 51.68465pt.
 We now make it that large for the rest of the document.
 This may cause the page layout to be inconsistent, however.

[13])
File: FHO_Logo_Students.jpg Graphic file (type jpg)
 <use FHO_Logo_Students.jpg>
Package pdftex.def Info: FHO_Logo_Students.jpg used on input line 234.
(pdftex.def)             Requested size: 56.9039pt x 47.60461pt.


Package Fancyhdr Warning: \headheight is too small (42.67912pt): 
 Make it at least 51.68465pt.
 We now make it that large for the rest of the document.
 This may cause the page layout to be inconsistent, however.

[14]
(C:\Users\Thomas\Desktop\MobileSemesterProject1516\doc\_minted-Documentation/30
74870BD88CDDF1BAFB78C310BBFED5326F48CA37B5E0E7CC9BA004FE5DA60C.pygtex
File: FHO_Logo_Students.jpg Graphic file (type jpg)

<use FHO_Logo_Students.jpg>
Package pdftex.def Info: FHO_Logo_Students.jpg used on input line 63.
(pdftex.def)             Requested size: 56.9039pt x 47.60461pt.


Package Fancyhdr Warning: \headheight is too small (42.67912pt): 
 Make it at least 51.68465pt.
 We now make it that large for the rest of the document.
 This may cause the page layout to be inconsistent, however.

[15]
Underfull \vbox (badness 10000) has occurred while \output is active []

File: FHO_Logo_Students.jpg Graphic file (type jpg)

<use FHO_Logo_Students.jpg>
Package pdftex.def Info: FHO_Logo_Students.jpg used on input line 123.
(pdftex.def)             Requested size: 56.9039pt x 47.60461pt.


Package Fancyhdr Warning: \headheight is too small (42.67912pt): 
 Make it at least 51.68465pt.
 We now make it that large for the rest of the document.
 This may cause the page layout to be inconsistent, however.

[16]
Underfull \vbox (badness 10000) has occurred while \output is active []

File: FHO_Logo_Students.jpg Graphic file (type jpg)

<use FHO_Logo_Students.jpg>
Package pdftex.def Info: FHO_Logo_Students.jpg used on input line 183.
(pdftex.def)             Requested size: 56.9039pt x 47.60461pt.


Package Fancyhdr Warning: \headheight is too small (42.67912pt): 
 Make it at least 51.68465pt.
 We now make it that large for the rest of the document.
 This may cause the page layout to be inconsistent, however.

[17]
Underfull \vbox (badness 10000) has occurred while \output is active []

File: FHO_Logo_Students.jpg Graphic file (type jpg)

<use FHO_Logo_Students.jpg>
Package pdftex.def Info: FHO_Logo_Students.jpg used on input line 244.
(pdftex.def)             Requested size: 56.9039pt x 47.60461pt.


Package Fancyhdr Warning: \headheight is too small (42.67912pt): 
 Make it at least 51.68465pt.
 We now make it that large for the rest of the document.
 This may cause the page layout to be inconsistent, however.

[18]
Underfull \vbox (badness 10000) has occurred while \output is active []

File: FHO_Logo_Students.jpg Graphic file (type jpg)

<use FHO_Logo_Students.jpg>
Package pdftex.def Info: FHO_Logo_Students.jpg used on input line 305.
(pdftex.def)             Requested size: 56.9039pt x 47.60461pt.


Package Fancyhdr Warning: \headheight is too small (42.67912pt): 
 Make it at least 51.68465pt.
 We now make it that large for the rest of the document.
 This may cause the page layout to be inconsistent, however.

[19])
File: FHO_Logo_Students.jpg Graphic file (type jpg)
 <use FHO_Logo_Students.jpg>
Package pdftex.def Info: FHO_Logo_Students.jpg used on input line 239.
(pdftex.def)             Requested size: 56.9039pt x 47.60461pt.


Package Fancyhdr Warning: \headheight is too small (42.67912pt): 
 Make it at least 51.68465pt.
 We now make it that large for the rest of the document.
 This may cause the page layout to be inconsistent, however.

[20]
(C:\Users\Thomas\Desktop\MobileSemesterProject1516\doc\_minted-Documentation/67
7FA90A6BABFED7852E607D981B8135691349AFA8A6316A22FC31D034644334.pygtex
File: FHO_Logo_Students.jpg Graphic file (type jpg)

<use FHO_Logo_Students.jpg>
Package pdftex.def Info: FHO_Logo_Students.jpg used on input line 62.
(pdftex.def)             Requested size: 56.9039pt x 47.60461pt.


Package Fancyhdr Warning: \headheight is too small (42.67912pt): 
 Make it at least 51.68465pt.
 We now make it that large for the rest of the document.
 This may cause the page layout to be inconsistent, however.

[21]
Underfull \vbox (badness 10000) has occurred while \output is active []

File: FHO_Logo_Students.jpg Graphic file (type jpg)

<use FHO_Logo_Students.jpg>
Package pdftex.def Info: FHO_Logo_Students.jpg used on input line 124.
(pdftex.def)             Requested size: 56.9039pt x 47.60461pt.


Package Fancyhdr Warning: \headheight is too small (42.67912pt): 
 Make it at least 51.68465pt.
 We now make it that large for the rest of the document.
 This may cause the page layout to be inconsistent, however.

[22]
Underfull \vbox (badness 10000) has occurred while \output is active []

File: FHO_Logo_Students.jpg Graphic file (type jpg)

<use FHO_Logo_Students.jpg>
Package pdftex.def Info: FHO_Logo_Students.jpg used on input line 184.
(pdftex.def)             Requested size: 56.9039pt x 47.60461pt.


Package Fancyhdr Warning: \headheight is too small (42.67912pt): 
 Make it at least 51.68465pt.
 We now make it that large for the rest of the document.
 This may cause the page layout to be inconsistent, however.

[23]
Underfull \vbox (badness 10000) has occurred while \output is active []

File: FHO_Logo_Students.jpg Graphic file (type jpg)

<use FHO_Logo_Students.jpg>
Package pdftex.def Info: FHO_Logo_Students.jpg used on input line 240.
(pdftex.def)             Requested size: 56.9039pt x 47.60461pt.


Package Fancyhdr Warning: \headheight is too small (42.67912pt): 
 Make it at least 51.68465pt.
 We now make it that large for the rest of the document.
 This may cause the page layout to be inconsistent, however.

[24]
Underfull \vbox (badness 10000) has occurred while \output is active []

File: FHO_Logo_Students.jpg Graphic file (type jpg)

<use FHO_Logo_Students.jpg>
Package pdftex.def Info: FHO_Logo_Students.jpg used on input line 301.
(pdftex.def)             Requested size: 56.9039pt x 47.60461pt.


Package Fancyhdr Warning: \headheight is too small (42.67912pt): 
 Make it at least 51.68465pt.
 We now make it that large for the rest of the document.
 This may cause the page layout to be inconsistent, however.

[25]
Underfull \vbox (badness 10000) has occurred while \output is active []

File: FHO_Logo_Students.jpg Graphic file (type jpg)

<use FHO_Logo_Students.jpg>
Package pdftex.def Info: FHO_Logo_Students.jpg used on input line 358.
(pdftex.def)             Requested size: 56.9039pt x 47.60461pt.


Package Fancyhdr Warning: \headheight is too small (42.67912pt): 
 Make it at least 51.68465pt.
 We now make it that large for the rest of the document.
 This may cause the page layout to be inconsistent, however.

[26]
Underfull \vbox (badness 10000) has occurred while \output is active []

File: FHO_Logo_Students.jpg Graphic file (type jpg)

<use FHO_Logo_Students.jpg>
Package pdftex.def Info: FHO_Logo_Students.jpg used on input line 419.
(pdftex.def)             Requested size: 56.9039pt x 47.60461pt.


Package Fancyhdr Warning: \headheight is too small (42.67912pt): 
 Make it at least 51.68465pt.
 We now make it that large for the rest of the document.
 This may cause the page layout to be inconsistent, however.

[27])
File: FHO_Logo_Students.jpg Graphic file (type jpg)
 <use FHO_Logo_Students.jpg>
Package pdftex.def Info: FHO_Logo_Students.jpg used on input line 244.
(pdftex.def)             Requested size: 56.9039pt x 47.60461pt.


Package Fancyhdr Warning: \headheight is too small (42.67912pt): 
 Make it at least 51.68465pt.
 We now make it that large for the rest of the document.
 This may cause the page layout to be inconsistent, however.

[28]
(C:\Users\Thomas\Desktop\MobileSemesterProject1516\doc\_minted-Documentation/70
BC806D080363F9987DE62C5AD46CBAB3004C55C6BF7E899CF2B85AC757B616.pygtex)
File: FHO_Logo_Students.jpg Graphic file (type jpg)

<use FHO_Logo_Students.jpg>
Package pdftex.def Info: FHO_Logo_Students.jpg used on input line 251.
(pdftex.def)             Requested size: 56.9039pt x 47.60461pt.


Package Fancyhdr Warning: \headheight is too small (42.67912pt): 
 Make it at least 51.68465pt.
 We now make it that large for the rest of the document.
 This may cause the page layout to be inconsistent, however.

[29]
(C:\Users\Thomas\Desktop\MobileSemesterProject1516\doc\_minted-Documentation/72
145E54D28E4814CB74198CDAB4FD0689A926AA5AC29F09D585B000C4BB5E91.pygtex
Underfull \vbox (badness 10000) has occurred while \output is active []

File: FHO_Logo_Students.jpg Graphic file (type jpg)

<use FHO_Logo_Students.jpg>
Package pdftex.def Info: FHO_Logo_Students.jpg used on input line 63.
(pdftex.def)             Requested size: 56.9039pt x 47.60461pt.


Package Fancyhdr Warning: \headheight is too small (42.67912pt): 
 Make it at least 51.68465pt.
 We now make it that large for the rest of the document.
 This may cause the page layout to be inconsistent, however.

[30])
File: FHO_Logo_Students.jpg Graphic file (type jpg)
 <use FHO_Logo_Students.jpg>
Package pdftex.def Info: FHO_Logo_Students.jpg used on input line 258.
(pdftex.def)             Requested size: 56.9039pt x 47.60461pt.


Package Fancyhdr Warning: \headheight is too small (42.67912pt): 
 Make it at least 51.68465pt.
 We now make it that large for the rest of the document.
 This may cause the page layout to be inconsistent, however.

[31]
(C:\Users\Thomas\Desktop\MobileSemesterProject1516\doc\_minted-Documentation/82
BE86627F52A3B44D0DB9B365FFF045D7B2E66B07C8DA901F7B7086042C72A4.pygtex)
File: FHO_Logo_Students.jpg Graphic file (type jpg)

<use FHO_Logo_Students.jpg>
Package pdftex.def Info: FHO_Logo_Students.jpg used on input line 263.
(pdftex.def)             Requested size: 56.9039pt x 47.60461pt.


Package Fancyhdr Warning: \headheight is too small (42.67912pt): 
 Make it at least 51.68465pt.
 We now make it that large for the rest of the document.
 This may cause the page layout to be inconsistent, however.

[32]
(C:\Users\Thomas\Desktop\MobileSemesterProject1516\doc\_minted-Documentation/F1
EF3DFED2EA3B4385CDF2F837A572C34B88F3805E772245FAC3B9C237DE2831.pygtex)
File: FHO_Logo_Students.jpg Graphic file (type jpg)

<use FHO_Logo_Students.jpg>
Package pdftex.def Info: FHO_Logo_Students.jpg used on input line 268.
(pdftex.def)             Requested size: 56.9039pt x 47.60461pt.


Package Fancyhdr Warning: \headheight is too small (42.67912pt): 
 Make it at least 51.68465pt.
 We now make it that large for the rest of the document.
 This may cause the page layout to be inconsistent, however.

[33]
(C:\Users\Thomas\Desktop\MobileSemesterProject1516\doc\_minted-Documentation/18
D51E5C421670C78DBB6840C3C038AAA862F2CF3740C1FF1629EA672B8393F9.pygtex
File: FHO_Logo_Students.jpg Graphic file (type jpg)

<use FHO_Logo_Students.jpg>
Package pdftex.def Info: FHO_Logo_Students.jpg used on input line 64.
(pdftex.def)             Requested size: 56.9039pt x 47.60461pt.


Package Fancyhdr Warning: \headheight is too small (42.67912pt): 
 Make it at least 51.68465pt.
 We now make it that large for the rest of the document.
 This may cause the page layout to be inconsistent, however.

[34])
File: FHO_Logo_Students.jpg Graphic file (type jpg)
 <use FHO_Logo_Students.jpg>
Package pdftex.def Info: FHO_Logo_Students.jpg used on input line 273.
(pdftex.def)             Requested size: 56.9039pt x 47.60461pt.


Package Fancyhdr Warning: \headheight is too small (42.67912pt): 
 Make it at least 51.68465pt.
 We now make it that large for the rest of the document.
 This may cause the page layout to be inconsistent, however.

[35]
(C:\Users\Thomas\Desktop\MobileSemesterProject1516\doc\_minted-Documentation/3F
A595AF2F05CAE1341EEA7D644082545CE3714A35AFAD9B9C21146C1C97246E.pygtex)
File: FHO_Logo_Students.jpg Graphic file (type jpg)

<use FHO_Logo_Students.jpg>
Package pdftex.def Info: FHO_Logo_Students.jpg used on input line 278.
(pdftex.def)             Requested size: 56.9039pt x 47.60461pt.


Package Fancyhdr Warning: \headheight is too small (42.67912pt): 
 Make it at least 51.68465pt.
 We now make it that large for the rest of the document.
 This may cause the page layout to be inconsistent, however.

[36]
(C:\Users\Thomas\Desktop\MobileSemesterProject1516\doc\_minted-Documentation/DC
8346E087F458E53CA2D6E96989651CB5FC65CD30CCEA8E1A0F3E6016421AA6.pygtex)
File: FHO_Logo_Students.jpg Graphic file (type jpg)

<use FHO_Logo_Students.jpg>
Package pdftex.def Info: FHO_Logo_Students.jpg used on input line 285.
(pdftex.def)             Requested size: 56.9039pt x 47.60461pt.


Package Fancyhdr Warning: \headheight is too small (42.67912pt): 
 Make it at least 51.68465pt.
 We now make it that large for the rest of the document.
 This may cause the page layout to be inconsistent, however.

[37]
(C:\Users\Thomas\Desktop\MobileSemesterProject1516\doc\_minted-Documentation/A6
970F1816DB8A5781D80D03A98B7E60C7F70C2112A20DCD017BED6F5756B4ED.pygtex
Underfull \vbox (badness 10000) has occurred while \output is active []

File: FHO_Logo_Students.jpg Graphic file (type jpg)

<use FHO_Logo_Students.jpg>
Package pdftex.def Info: FHO_Logo_Students.jpg used on input line 62.
(pdftex.def)             Requested size: 56.9039pt x 47.60461pt.


Package Fancyhdr Warning: \headheight is too small (42.67912pt): 
 Make it at least 51.68465pt.
 We now make it that large for the rest of the document.
 This may cause the page layout to be inconsistent, however.

[38])
File: FHO_Logo_Students.jpg Graphic file (type jpg)
 <use FHO_Logo_Students.jpg>
Package pdftex.def Info: FHO_Logo_Students.jpg used on input line 292.
(pdftex.def)             Requested size: 56.9039pt x 47.60461pt.


Package Fancyhdr Warning: \headheight is too small (42.67912pt): 
 Make it at least 51.68465pt.
 We now make it that large for the rest of the document.
 This may cause the page layout to be inconsistent, however.

[39]
(C:\Users\Thomas\Desktop\MobileSemesterProject1516\doc\_minted-Documentation/D3
2BD04FE058D15885F2DE4D65A7E99435471DF420C62C5A332A54198A454C72.pygtex
File: FHO_Logo_Students.jpg Graphic file (type jpg)

<use FHO_Logo_Students.jpg>
Package pdftex.def Info: FHO_Logo_Students.jpg used on input line 63.
(pdftex.def)             Requested size: 56.9039pt x 47.60461pt.


Package Fancyhdr Warning: \headheight is too small (42.67912pt): 
 Make it at least 51.68465pt.
 We now make it that large for the rest of the document.
 This may cause the page layout to be inconsistent, however.

[40])
File: FHO_Logo_Students.jpg Graphic file (type jpg)
 <use FHO_Logo_Students.jpg>
Package pdftex.def Info: FHO_Logo_Students.jpg used on input line 297.
(pdftex.def)             Requested size: 56.9039pt x 47.60461pt.


Package Fancyhdr Warning: \headheight is too small (42.67912pt): 
 Make it at least 51.68465pt.
 We now make it that large for the rest of the document.
 This may cause the page layout to be inconsistent, however.

[41]
(C:\Users\Thomas\Desktop\MobileSemesterProject1516\doc\_minted-Documentation/E1
84377025093C24F6A493F4539FDEB07F19B57A470D68305725F7E7E716C03F.pygtex)
File: FHO_Logo_Students.jpg Graphic file (type jpg)

<use FHO_Logo_Students.jpg>
Package pdftex.def Info: FHO_Logo_Students.jpg used on input line 302.
(pdftex.def)             Requested size: 56.9039pt x 47.60461pt.


Package Fancyhdr Warning: \headheight is too small (42.67912pt): 
 Make it at least 51.68465pt.
 We now make it that large for the rest of the document.
 This may cause the page layout to be inconsistent, however.

[42]
(C:\Users\Thomas\Desktop\MobileSemesterProject1516\doc\_minted-Documentation/8F
BF86DCC738FE81BBD5957980B9E2C6A5C256A682C173347EF43371967596CF.pygtex
File: FHO_Logo_Students.jpg Graphic file (type jpg)

<use FHO_Logo_Students.jpg>
Package pdftex.def Info: FHO_Logo_Students.jpg used on input line 61.
(pdftex.def)             Requested size: 56.9039pt x 47.60461pt.


Package Fancyhdr Warning: \headheight is too small (42.67912pt): 
 Make it at least 51.68465pt.
 We now make it that large for the rest of the document.
 This may cause the page layout to be inconsistent, however.

[43])
File: FHO_Logo_Students.jpg Graphic file (type jpg)
 <use FHO_Logo_Students.jpg>
Package pdftex.def Info: FHO_Logo_Students.jpg used on input line 307.
(pdftex.def)             Requested size: 56.9039pt x 47.60461pt.


Package Fancyhdr Warning: \headheight is too small (42.67912pt): 
 Make it at least 51.68465pt.
 We now make it that large for the rest of the document.
 This may cause the page layout to be inconsistent, however.

[44]
(C:\Users\Thomas\Desktop\MobileSemesterProject1516\doc\_minted-Documentation/94
96654E34049523B3110459FF8D36A0E126ADB042625C9B736AA90A4275229F.pygtex
Underfull \vbox (badness 10000) has occurred while \output is active []

File: FHO_Logo_Students.jpg Graphic file (type jpg)

<use FHO_Logo_Students.jpg>
Package pdftex.def Info: FHO_Logo_Students.jpg used on input line 63.
(pdftex.def)             Requested size: 56.9039pt x 47.60461pt.


Package Fancyhdr Warning: \headheight is too small (42.67912pt): 
 Make it at least 51.68465pt.
 We now make it that large for the rest of the document.
 This may cause the page layout to be inconsistent, however.

[45])
File: FHO_Logo_Students.jpg Graphic file (type jpg)
 <use FHO_Logo_Students.jpg>
Package pdftex.def Info: FHO_Logo_Students.jpg used on input line 314.
(pdftex.def)             Requested size: 56.9039pt x 47.60461pt.


Package Fancyhdr Warning: \headheight is too small (42.67912pt): 
 Make it at least 51.68465pt.
 We now make it that large for the rest of the document.
 This may cause the page layout to be inconsistent, however.

[46]
(C:\Users\Thomas\Desktop\MobileSemesterProject1516\doc\_minted-Documentation/2D
AEB4BA87D051A96E3EB9D44CB7DBBF7B37398BD8E09F207FEA4D108984FC71.pygtex
File: FHO_Logo_Students.jpg Graphic file (type jpg)

<use FHO_Logo_Students.jpg>
Package pdftex.def Info: FHO_Logo_Students.jpg used on input line 63.
(pdftex.def)             Requested size: 56.9039pt x 47.60461pt.


Package Fancyhdr Warning: \headheight is too small (42.67912pt): 
 Make it at least 51.68465pt.
 We now make it that large for the rest of the document.
 This may cause the page layout to be inconsistent, however.

[47]
Underfull \vbox (badness 10000) has occurred while \output is active []

File: FHO_Logo_Students.jpg Graphic file (type jpg)

<use FHO_Logo_Students.jpg>
Package pdftex.def Info: FHO_Logo_Students.jpg used on input line 124.
(pdftex.def)             Requested size: 56.9039pt x 47.60461pt.


Package Fancyhdr Warning: \headheight is too small (42.67912pt): 
 Make it at least 51.68465pt.
 We now make it that large for the rest of the document.
 This may cause the page layout to be inconsistent, however.

[48]
Underfull \vbox (badness 10000) has occurred while \output is active []

File: FHO_Logo_Students.jpg Graphic file (type jpg)

<use FHO_Logo_Students.jpg>
Package pdftex.def Info: FHO_Logo_Students.jpg used on input line 180.
(pdftex.def)             Requested size: 56.9039pt x 47.60461pt.


Package Fancyhdr Warning: \headheight is too small (42.67912pt): 
 Make it at least 51.68465pt.
 We now make it that large for the rest of the document.
 This may cause the page layout to be inconsistent, however.

[49]
Underfull \vbox (badness 10000) has occurred while \output is active []

File: FHO_Logo_Students.jpg Graphic file (type jpg)

<use FHO_Logo_Students.jpg>
Package pdftex.def Info: FHO_Logo_Students.jpg used on input line 240.
(pdftex.def)             Requested size: 56.9039pt x 47.60461pt.


Package Fancyhdr Warning: \headheight is too small (42.67912pt): 
 Make it at least 51.68465pt.
 We now make it that large for the rest of the document.
 This may cause the page layout to be inconsistent, however.

[50])
File: FHO_Logo_Students.jpg Graphic file (type jpg)
 <use FHO_Logo_Students.jpg>
Package pdftex.def Info: FHO_Logo_Students.jpg used on input line 319.
(pdftex.def)             Requested size: 56.9039pt x 47.60461pt.


Package Fancyhdr Warning: \headheight is too small (42.67912pt): 
 Make it at least 51.68465pt.
 We now make it that large for the rest of the document.
 This may cause the page layout to be inconsistent, however.

[51]
(C:\Users\Thomas\Desktop\MobileSemesterProject1516\doc\_minted-Documentation/79
78AD3F2D571163A1CFF0D3C0FA429A776F43CC85A2F416EFF78FBDAE9622C6.pygtex)
File: FHO_Logo_Students.jpg Graphic file (type jpg)

<use FHO_Logo_Students.jpg>
Package pdftex.def Info: FHO_Logo_Students.jpg used on input line 324.
(pdftex.def)             Requested size: 56.9039pt x 47.60461pt.


Package Fancyhdr Warning: \headheight is too small (42.67912pt): 
 Make it at least 51.68465pt.
 We now make it that large for the rest of the document.
 This may cause the page layout to be inconsistent, however.

[52]
(C:\Users\Thomas\Desktop\MobileSemesterProject1516\doc\_minted-Documentation/A2
3EEDBCD85461B639B7BFC34DA804DFA0C7D9E0A067938D098A133E1D0359D4.pygtex)
File: FHO_Logo_Students.jpg Graphic file (type jpg)

<use FHO_Logo_Students.jpg>
Package pdftex.def Info: FHO_Logo_Students.jpg used on input line 329.
(pdftex.def)             Requested size: 56.9039pt x 47.60461pt.


Package Fancyhdr Warning: \headheight is too small (42.67912pt): 
 Make it at least 51.68465pt.
 We now make it that large for the rest of the document.
 This may cause the page layout to be inconsistent, however.

[53]
(C:\Users\Thomas\Desktop\MobileSemesterProject1516\doc\_minted-Documentation/0E
3034356ED448ED9BB63DC47D6179C3D113182ECBF42113744B917EFBF9D76D.pygtex
Underfull \vbox (badness 10000) has occurred while \output is active []

File: FHO_Logo_Students.jpg Graphic file (type jpg)

<use FHO_Logo_Students.jpg>
Package pdftex.def Info: FHO_Logo_Students.jpg used on input line 61.
(pdftex.def)             Requested size: 56.9039pt x 47.60461pt.


Package Fancyhdr Warning: \headheight is too small (42.67912pt): 
 Make it at least 51.68465pt.
 We now make it that large for the rest of the document.
 This may cause the page layout to be inconsistent, however.

[54])
File: FHO_Logo_Students.jpg Graphic file (type jpg)
 <use FHO_Logo_Students.jpg>
Package pdftex.def Info: FHO_Logo_Students.jpg used on input line 336.
(pdftex.def)             Requested size: 56.9039pt x 47.60461pt.


Package Fancyhdr Warning: \headheight is too small (42.67912pt): 
 Make it at least 51.68465pt.
 We now make it that large for the rest of the document.
 This may cause the page layout to be inconsistent, however.

[55]
(C:\Users\Thomas\Desktop\MobileSemesterProject1516\doc\_minted-Documentation/56
FA058B9CFF16E6FC5934CE6C798138A6ADA3F7D33D0AF978088BA215CDE733.pygtex)
File: FHO_Logo_Students.jpg Graphic file (type jpg)

<use FHO_Logo_Students.jpg>
Package pdftex.def Info: FHO_Logo_Students.jpg used on input line 343.
(pdftex.def)             Requested size: 56.9039pt x 47.60461pt.


Package Fancyhdr Warning: \headheight is too small (42.67912pt): 
 Make it at least 51.68465pt.
 We now make it that large for the rest of the document.
 This may cause the page layout to be inconsistent, however.

[56]
(C:\Users\Thomas\Desktop\MobileSemesterProject1516\doc\_minted-Documentation/67
D9A4599AF556914632101470D6A79F70A58BC9ADBE5D9FFB54A3ED4BEC23DE.pygtex)
File: FHO_Logo_Students.jpg Graphic file (type jpg)

<use FHO_Logo_Students.jpg>
Package pdftex.def Info: FHO_Logo_Students.jpg used on input line 348.
(pdftex.def)             Requested size: 56.9039pt x 47.60461pt.


Package Fancyhdr Warning: \headheight is too small (42.67912pt): 
 Make it at least 51.68465pt.
 We now make it that large for the rest of the document.
 This may cause the page layout to be inconsistent, however.

[57]
(C:\Users\Thomas\Desktop\MobileSemesterProject1516\doc\_minted-Documentation/AA
241B79793B45EBFF3A6277EA3911738EBF51CB87744300D77B365EECCF92F2.pygtex)
File: FHO_Logo_Students.jpg Graphic file (type jpg)

<use FHO_Logo_Students.jpg>
Package pdftex.def Info: FHO_Logo_Students.jpg used on input line 353.
(pdftex.def)             Requested size: 56.9039pt x 47.60461pt.


Package Fancyhdr Warning: \headheight is too small (42.67912pt): 
 Make it at least 51.68465pt.
 We now make it that large for the rest of the document.
 This may cause the page layout to be inconsistent, however.

[58]
(C:\Users\Thomas\Desktop\MobileSemesterProject1516\doc\_minted-Documentation/A8
A1A1B3A141495376D6B179AE6E6A1C7C7F8D1C49EE9F7D32C9B8F42AECBAB9.pygtex)
File: FHO_Logo_Students.jpg Graphic file (type jpg)

<use FHO_Logo_Students.jpg>
Package pdftex.def Info: FHO_Logo_Students.jpg used on input line 358.
(pdftex.def)             Requested size: 56.9039pt x 47.60461pt.


Package Fancyhdr Warning: \headheight is too small (42.67912pt): 
 Make it at least 51.68465pt.
 We now make it that large for the rest of the document.
 This may cause the page layout to be inconsistent, however.

[59]
(C:\Users\Thomas\Desktop\MobileSemesterProject1516\doc\_minted-Documentation/5E
100977AD16520954C68E601C5D3E433F118E51018905CE607560712FCD7D9E.pygtex
Underfull \vbox (badness 10000) has occurred while \output is active []

File: FHO_Logo_Students.jpg Graphic file (type jpg)

<use FHO_Logo_Students.jpg>
Package pdftex.def Info: FHO_Logo_Students.jpg used on input line 63.
(pdftex.def)             Requested size: 56.9039pt x 47.60461pt.


Package Fancyhdr Warning: \headheight is too small (42.67912pt): 
 Make it at least 51.68465pt.
 We now make it that large for the rest of the document.
 This may cause the page layout to be inconsistent, however.

[60])
File: FHO_Logo_Students.jpg Graphic file (type jpg)
 <use FHO_Logo_Students.jpg>
Package pdftex.def Info: FHO_Logo_Students.jpg used on input line 365.
(pdftex.def)             Requested size: 56.9039pt x 47.60461pt.


Package Fancyhdr Warning: \headheight is too small (42.67912pt): 
 Make it at least 51.68465pt.
 We now make it that large for the rest of the document.
 This may cause the page layout to be inconsistent, however.

[61]
(C:\Users\Thomas\Desktop\MobileSemesterProject1516\doc\_minted-Documentation/A6
76E05C4AE2580AE0D986C254E839837C7B67DD29C72C36162BC32B4A2FFEB2.pygtex)
File: FHO_Logo_Students.jpg Graphic file (type jpg)

<use FHO_Logo_Students.jpg>
Package pdftex.def Info: FHO_Logo_Students.jpg used on input line 370.
(pdftex.def)             Requested size: 56.9039pt x 47.60461pt.


Package Fancyhdr Warning: \headheight is too small (42.67912pt): 
 Make it at least 51.68465pt.
 We now make it that large for the rest of the document.
 This may cause the page layout to be inconsistent, however.

[62]
(C:\Users\Thomas\Desktop\MobileSemesterProject1516\doc\_minted-Documentation/49
C877DB1F855208C36B10BD8C87C70523FB37A5BBB9776875400EEBB75E88F5.pygtex
File: FHO_Logo_Students.jpg Graphic file (type jpg)

<use FHO_Logo_Students.jpg>
Package pdftex.def Info: FHO_Logo_Students.jpg used on input line 64.
(pdftex.def)             Requested size: 56.9039pt x 47.60461pt.


Package Fancyhdr Warning: \headheight is too small (42.67912pt): 
 Make it at least 51.68465pt.
 We now make it that large for the rest of the document.
 This may cause the page layout to be inconsistent, however.

[63]
Underfull \vbox (badness 10000) has occurred while \output is active []

File: FHO_Logo_Students.jpg Graphic file (type jpg)

<use FHO_Logo_Students.jpg>
Package pdftex.def Info: FHO_Logo_Students.jpg used on input line 127.
(pdftex.def)             Requested size: 56.9039pt x 47.60461pt.


Package Fancyhdr Warning: \headheight is too small (42.67912pt): 
 Make it at least 51.68465pt.
 We now make it that large for the rest of the document.
 This may cause the page layout to be inconsistent, however.

[64])
(C:\Users\Thomas\Desktop\MobileSemesterProject1516\doc\_minted-Documentation/20
556C708BFA55B4FC0E9684EAA4D04A1C82DA6C9EFBFFC3DD19293733039CB7.pygtex)
File: FHO_Logo_Students.jpg Graphic file (type jpg)

<use FHO_Logo_Students.jpg>
Package pdftex.def Info: FHO_Logo_Students.jpg used on input line 379.
(pdftex.def)             Requested size: 56.9039pt x 47.60461pt.


Package Fancyhdr Warning: \headheight is too small (42.67912pt): 
 Make it at least 51.68465pt.
 We now make it that large for the rest of the document.
 This may cause the page layout to be inconsistent, however.

[65]
(C:\Users\Thomas\Desktop\MobileSemesterProject1516\doc\_minted-Documentation/5F
B8CF46F72B3F607099D2720A81EB7706FE99EA6204BEDAA3CE2C841DD0D04F.pygtex)
(C:\Users\Thomas\Desktop\MobileSemesterProject1516\doc\_minted-Documentation/F9
0EDF0E64E4CBE7F9EF483DA3B6871CCB32683881E724A82C45B48F588FC015.pygtex)
File: FHO_Logo_Students.jpg Graphic file (type jpg)

<use FHO_Logo_Students.jpg>
Package pdftex.def Info: FHO_Logo_Students.jpg used on input line 388.
(pdftex.def)             Requested size: 56.9039pt x 47.60461pt.


Package Fancyhdr Warning: \headheight is too small (42.67912pt): 
 Make it at least 51.68465pt.
 We now make it that large for the rest of the document.
 This may cause the page layout to be inconsistent, however.

[66]
(C:\Users\Thomas\Desktop\MobileSemesterProject1516\doc\_minted-Documentation/49
D52FECF1E6377164603FBABBCF0E7FDF135C9574DFEF942E3482D4765EB22D.pygtex)
File: FHO_Logo_Students.jpg Graphic file (type jpg)

<use FHO_Logo_Students.jpg>
Package pdftex.def Info: FHO_Logo_Students.jpg used on input line 395.
(pdftex.def)             Requested size: 56.9039pt x 47.60461pt.


Package Fancyhdr Warning: \headheight is too small (42.67912pt): 
 Make it at least 51.68465pt.
 We now make it that large for the rest of the document.
 This may cause the page layout to be inconsistent, however.

[67] <images/activity_login.PNG, id=496, 356.532pt x 577.55775pt>
File: images/activity_login.PNG Graphic file (type png)

<use images/activity_login.PNG>
Package pdftex.def Info: images/activity_login.PNG used on input line 403.
(pdftex.def)             Requested size: 142.61026pt x 231.019pt.

<images/activity_login_failed.PNG, id=497, 361.35pt x 569.7285pt>
File: images/activity_login_failed.PNG Graphic file (type png)

<use images/activity_login_failed.PNG>
Package pdftex.def Info: images/activity_login_failed.PNG used on input line 41
1.
(pdftex.def)             Requested size: 144.53743pt x 227.88736pt.
File: FHO_Logo_Students.jpg Graphic file (type jpg)
 <use FHO_Logo_Students.jpg>
Package pdftex.def Info: FHO_Logo_Students.jpg used on input line 417.
(pdftex.def)             Requested size: 56.9039pt x 47.60461pt.


Package Fancyhdr Warning: \headheight is too small (42.67912pt): 
 Make it at least 51.68465pt.
 We now make it that large for the rest of the document.
 This may cause the page layout to be inconsistent, however.

[68 <C:/Users/Thomas/Desktop/MobileSemesterProject1516/doc/images/activity_logi
n.PNG> <C:/Users/Thomas/Desktop/MobileSemesterProject1516/doc/images/activity_l
ogin_failed.PNG>]
<images/activity_login_no_network.PNG, id=507, 367.3725pt x 413.74574pt>
File: images/activity_login_no_network.PNG Graphic file (type png)

<use images/activity_login_no_network.PNG>
Package pdftex.def Info: images/activity_login_no_network.PNG used on input lin
e 420.
(pdftex.def)             Requested size: 146.94638pt x 165.49536pt.

Underfull \hbox (badness 10000) in paragraph at lines 424--426

 []

<images/activity_routes.PNG, id=508, 359.54324pt x 279.444pt>
File: images/activity_routes.PNG Graphic file (type png)

<use images/activity_routes.PNG>
Package pdftex.def Info: images/activity_routes.PNG used on input line 430.
(pdftex.def)             Requested size: 143.81474pt x 111.77562pt.
File: FHO_Logo_Students.jpg Graphic file (type jpg)
 <use FHO_Logo_Students.jpg>
Package pdftex.def Info: FHO_Logo_Students.jpg used on input line 450.
(pdftex.def)             Requested size: 56.9039pt x 47.60461pt.


Package Fancyhdr Warning: \headheight is too small (42.67912pt): 
 Make it at least 51.68465pt.
 We now make it that large for the rest of the document.
 This may cause the page layout to be inconsistent, however.

[69 <C:/Users/Thomas/Desktop/MobileSemesterProject1516/doc/images/activity_logi
n_no_network.PNG> <C:/Users/Thomas/Desktop/MobileSemesterProject1516/doc/images
/activity_routes.PNG>]
<images/activity_routes_item_open_menu.PNG, id=523, 363.759pt x 329.43076pt>
File: images/activity_routes_item_open_menu.PNG Graphic file (type png)

<use images/activity_routes_item_open_menu.PNG>
Package pdftex.def Info: images/activity_routes_item_open_menu.PNG used on inpu
t line 453.
(pdftex.def)             Requested size: 145.50102pt x 131.76996pt.

<images/activity_routes_item_progress_menu.PNG, id=524, 363.15675pt x 360.74776
pt>
File: images/activity_routes_item_progress_menu.PNG Graphic file (type png)
 <use images/activity_routes_item_progress_menu.PNG>
Package pdftex.def Info: images/activity_routes_item_progress_menu.PNG used on 
input line 461.
(pdftex.def)             Requested size: 145.26012pt x 144.29654pt.

<images/activity_routes_item_finished_menu.PNG, id=525, 361.35pt x 360.1455pt>
File: images/activity_routes_item_finished_menu.PNG Graphic file (type png)

<use images/activity_routes_item_finished_menu.PNG>
Package pdftex.def Info: images/activity_routes_item_finished_menu.PNG used on 
input line 470.
(pdftex.def)             Requested size: 144.53743pt x 144.05563pt.
File: FHO_Logo_Students.jpg Graphic file (type jpg)

<use FHO_Logo_Students.jpg>
Package pdftex.def Info: FHO_Logo_Students.jpg used on input line 476.
(pdftex.def)             Requested size: 56.9039pt x 47.60461pt.


Package Fancyhdr Warning: \headheight is too small (42.67912pt): 
 Make it at least 51.68465pt.
 We now make it that large for the rest of the document.
 This may cause the page layout to be inconsistent, however.

[70 <C:/Users/Thomas/Desktop/MobileSemesterProject1516/doc/images/activity_rout
es_item_open_menu.PNG> <C:/Users/Thomas/Desktop/MobileSemesterProject1516/doc/i
mages/activity_routes_item_progress_menu.PNG> <C:/Users/Thomas/Desktop/MobileSe
mesterProject1516/doc/images/activity_routes_item_finished_menu.PNG>]
<images/activity_routes_menu.PNG, id=537, 367.97475pt x 251.7405pt>
File: images/activity_routes_menu.PNG Graphic file (type png)

<use images/activity_routes_menu.PNG>
Package pdftex.def Info: images/activity_routes_menu.PNG used on input line 479
.
(pdftex.def)             Requested size: 147.18729pt x 100.6944pt.

<images/activity_routes_no_network.PNG, id=538, 369.17924pt x 393.26926pt>
File: images/activity_routes_no_network.PNG Graphic file (type png)

<use images/activity_routes_no_network.PNG>
Package pdftex.def Info: images/activity_routes_no_network.PNG used on input li
ne 497.
(pdftex.def)             Requested size: 147.66908pt x 157.30492pt.

<images/activity_routes_close_dialog.PNG, id=539, 364.9635pt x 384.83775pt>
File: images/activity_routes_close_dialog.PNG Graphic file (type png)

<use images/activity_routes_close_dialog.PNG>
Package pdftex.def Info: images/activity_routes_close_dialog.PNG used on input 
line 504.
(pdftex.def)             Requested size: 145.9828pt x 153.93237pt.
File: FHO_Logo_Students.jpg Graphic file (type jpg)
 <use FHO_Logo_Students.jpg>
Package pdftex.def Info: FHO_Logo_Students.jpg used on input line 510.
(pdftex.def)             Requested size: 56.9039pt x 47.60461pt.


Package Fancyhdr Warning: \headheight is too small (42.67912pt): 
 Make it at least 51.68465pt.
 We now make it that large for the rest of the document.
 This may cause the page layout to be inconsistent, however.

[71 <C:/Users/Thomas/Desktop/MobileSemesterProject1516/doc/images/activity_rout
es_menu.PNG> <C:/Users/Thomas/Desktop/MobileSemesterProject1516/doc/images/acti
vity_routes_no_network.PNG> <C:/Users/Thomas/Desktop/MobileSemesterProject1516/
doc/images/activity_routes_close_dialog.PNG>]
<images/activity_checkpoint_progress_1.PNG, id=554, 365.56575pt x 568.524pt>
File: images/activity_checkpoint_progress_1.PNG Graphic file (type png)

<use images/activity_checkpoint_progress_1.PNG>
Package pdftex.def Info: images/activity_checkpoint_progress_1.PNG used on inpu
t line 515.
(pdftex.def)             Requested size: 146.2237pt x 227.40556pt.

<images/activity_checkpoint_progress_2.PNG, id=555, 353.52075pt x 446.8695pt>
File: images/activity_checkpoint_progress_2.PNG Graphic file (type png)

<use images/activity_checkpoint_progress_2.PNG>
Package pdftex.def Info: images/activity_checkpoint_progress_2.PNG used on inpu
t line 522.
(pdftex.def)             Requested size: 141.40579pt x 178.74463pt.
File: FHO_Logo_Students.jpg Graphic file (type jpg)
 <use FHO_Logo_Students.jpg>
Package pdftex.def Info: FHO_Logo_Students.jpg used on input line 537.
(pdftex.def)             Requested size: 56.9039pt x 47.60461pt.


Package Fancyhdr Warning: \headheight is too small (42.67912pt): 
 Make it at least 51.68465pt.
 We now make it that large for the rest of the document.
 This may cause the page layout to be inconsistent, however.

[72 <C:/Users/Thomas/Desktop/MobileSemesterProject1516/doc/images/activity_chec
kpoint_progress_1.PNG> <C:/Users/Thomas/Desktop/MobileSemesterProject1516/doc/i
mages/activity_checkpoint_progress_2.PNG>]
<images/activity_checkpoint_finished_progress_menu.PNG, id=567, 363.759pt x 579
.96675pt>
File: images/activity_checkpoint_finished_progress_menu.PNG Graphic file (type 
png)
 <use images/activity_checkpoint_finished_progress_menu.PNG>
Package pdftex.def Info: images/activity_checkpoint_finished_progress_menu.PNG 
used on input line 540.
(pdftex.def)             Requested size: 145.50102pt x 231.98259pt.

<images/activity_checkpoint_open_menu.PNG, id=568, 368.577pt x 554.07pt>
File: images/activity_checkpoint_open_menu.PNG Graphic file (type png)

<use images/activity_checkpoint_open_menu.PNG>
Package pdftex.def Info: images/activity_checkpoint_open_menu.PNG used on input
 line 555.
(pdftex.def)             Requested size: 147.42818pt x 221.62407pt.
File: FHO_Logo_Students.jpg Graphic file (type jpg)
 <use FHO_Logo_Students.jpg>
Package pdftex.def Info: FHO_Logo_Students.jpg used on input line 561.
(pdftex.def)             Requested size: 56.9039pt x 47.60461pt.


Package Fancyhdr Warning: \headheight is too small (42.67912pt): 
 Make it at least 51.68465pt.
 We now make it that large for the rest of the document.
 This may cause the page layout to be inconsistent, however.

[73 <C:/Users/Thomas/Desktop/MobileSemesterProject1516/doc/images/activity_chec
kpoint_finished_progress_menu.PNG> <C:/Users/Thomas/Desktop/MobileSemesterProje
ct1516/doc/images/activity_checkpoint_open_menu.PNG>]
<images/activity_checkpoint_wrong_secret.PNG, id=581, 359.54324pt x 564.30824pt
>
File: images/activity_checkpoint_wrong_secret.PNG Graphic file (type png)
 <use images/activity_checkpoint_wrong_secret.PNG>
Package pdftex.def Info: images/activity_checkpoint_wrong_secret.PNG used on in
put line 564.
(pdftex.def)             Requested size: 143.81474pt x 225.71928pt.

<images/activity_checkpoint_correct_secret.PNG, id=582, 369.7815pt x 567.3195pt
>
File: images/activity_checkpoint_correct_secret.PNG Graphic file (type png)
 <use images/activity_checkpoint_correct_secret.PNG>
Package pdftex.def Info: images/activity_checkpoint_correct_secret.PNG used on 
input line 571.
(pdftex.def)             Requested size: 147.90997pt x 226.92378pt.

Underfull \hbox (badness 10000) in paragraph at lines 568--578

 []

File: FHO_Logo_Students.jpg Graphic file (type jpg)
<use FHO_Logo_Students.jpg>
Package pdftex.def Info: FHO_Logo_Students.jpg used on input line 578.
(pdftex.def)             Requested size: 56.9039pt x 47.60461pt.


Package Fancyhdr Warning: \headheight is too small (42.67912pt): 
 Make it at least 51.68465pt.
 We now make it that large for the rest of the document.
 This may cause the page layout to be inconsistent, however.

[74 <C:/Users/Thomas/Desktop/MobileSemesterProject1516/doc/images/activity_chec
kpoint_wrong_secret.PNG> <C:/Users/Thomas/Desktop/MobileSemesterProject1516/doc
/images/activity_checkpoint_correct_secret.PNG>]
<images/activity_checkpoint_congratulations.PNG, id=592, 360.74776pt x 569.7285
pt>
File: images/activity_checkpoint_congratulations.PNG Graphic file (type png)
 <use images/activity_checkpoint_congratulations.PNG>
Package pdftex.def Info: images/activity_checkpoint_congratulations.PNG used on
 input line 581.
(pdftex.def)             Requested size: 144.29654pt x 227.88736pt.

<images/activity_checkpoint_close_dialog.PNG, id=593, 361.95226pt x 381.8265pt>
File: images/activity_checkpoint_close_dialog.PNG Graphic file (type png)
<use images/activity_checkpoint_close_dialog.PNG>
Package pdftex.def Info: images/activity_checkpoint_close_dialog.PNG used on in
put line 589.
(pdftex.def)             Requested size: 144.77832pt x 152.72789pt.


AED: lastpage setting LastPage
File: FHO_Logo_Students.jpg Graphic file (type jpg)
<use FHO_Logo_Students.jpg>
Package pdftex.def Info: FHO_Logo_Students.jpg used on input line 595.
(pdftex.def)             Requested size: 56.9039pt x 47.60461pt.


Package Fancyhdr Warning: \headheight is too small (42.67912pt): 
 Make it at least 51.68465pt.
 We now make it that large for the rest of the document.
 This may cause the page layout to be inconsistent, however.

[75 <C:/Users/Thomas/Desktop/MobileSemesterProject1516/doc/images/activity_chec
kpoint_congratulations.PNG> <C:/Users/Thomas/Desktop/MobileSemesterProject1516/
doc/images/activity_checkpoint_close_dialog.PNG>]
Package atveryend Info: Empty hook `BeforeClearDocument' on input line 595.
Package atveryend Info: Empty hook `AfterLastShipout' on input line 595.

(C:\Users\Thomas\Desktop\MobileSemesterProject1516\doc\Documentation.aux)
Package atveryend Info: Executing hook `AtVeryEndDocument' on input line 595.
Package atveryend Info: Executing hook `AtEndAfterFileList' on input line 595.
Package rerunfilecheck Info: File `Documentation.out' has not changed.
(rerunfilecheck)             Checksum: D778C7322107401C3DD75E2AF2C21514;1364.
 ) 
Here is how much of TeX's memory you used:
 11124 strings out of 493921
 190251 string characters out of 3144873
 316677 words of memory out of 3000000
 13967 multiletter control sequences out of 15000+200000
 7685 words of font info for 29 fonts, out of 3000000 for 9000
 841 hyphenation exceptions out of 8191
 37i,16n,43p,881b,687s stack positions out of 5000i,500n,10000p,200000b,50000s
<C:/Program Files (x86)/MiKTeX 2.9/fonts/type1/public/amsfonts/cm/cmbx10.pfb>
<C:/Program Files (x86)/MiKTeX 2.9/fonts/type1/public/amsfonts/cm/cmbx12.pfb><C
:/Program Files (x86)/MiKTeX 2.9/fonts/type1/public/amsfonts/cm/cmitt10.pfb><C:
/Program Files (x86)/MiKTeX 2.9/fonts/type1/public/amsfonts/cm/cmmi6.pfb><C:/Pr
ogram Files (x86)/MiKTeX 2.9/fonts/type1/public/amsfonts/cm/cmr10.pfb><C:/Progr
am Files (x86)/MiKTeX 2.9/fonts/type1/public/amsfonts/cm/cmr6.pfb><C:/Program F
iles (x86)/MiKTeX 2.9/fonts/type1/public/amsfonts/cm/cmsy6.pfb><C:/Program File
s (x86)/MiKTeX 2.9/fonts/type1/public/amsfonts/cm/cmti10.pfb><C:/Program Files 
(x86)/MiKTeX 2.9/fonts/type1/public/amsfonts/cm/cmtt9.pfb>
Output written on Documentation.pdf (75 pages, 2163945 bytes).
PDF statistics:
 671 PDF objects out of 1000 (max. 8388607)
 174 named destinations out of 1000 (max. 500000)
 271 words of extra memory for PDF output out of 10000 (max. 10000000)

